The system is: Windows - 10.0.18362 - AMD64
Compiling the C compiler identification source file "CMakeCCompilerId.c" succeeded.
Compiler: C:/Program Files (x86)/Microsoft Visual Studio/2019/Professional/VC/Tools/MSVC/14.24.28314/bin/Hostx64/x86/cl.exe 
Build flags: 
Id flags:  

The output was:
0
Оптимизирующий компилятор Microsoft (R) C/C++ версии 19.24.28316 для x86
(C) Корпорация Майкрософт (Microsoft Corporation).  Все права защищены.

CMakeCCompilerId.c
Microsoft (R) Incremental Linker Version 14.24.28316.0
Copyright (C) Microsoft Corporation.  All rights reserved.

/out:CMakeCCompilerId.exe 
CMakeCCompilerId.obj 


Compilation of the C compiler identification source "CMakeCCompilerId.c" produced "CMakeCCompilerId.exe"

Compilation of the C compiler identification source "CMakeCCompilerId.c" produced "CMakeCCompilerId.obj"

The C compiler identification is MSVC, found in "D:/Clabs/lab4_1/build/CMakeFiles/3.16.4/CompilerIdC/CMakeCCompilerId.exe"

Determining if the C compiler works passed with the following output:
Change Dir: D:/Clabs/lab4_1/build/CMakeFiles/CMakeTmp

Run Build Command(s):C:/PROGRA~2/MIB055~1/2019/PROFES~1/Common7/IDE/COMMON~1/MICROS~1/CMake/Ninja/ninja.exe cmTC_8029e && [1/2] Building C object CMakeFiles\cmTC_8029e.dir\testCCompiler.c.obj
[2/2] Linking C executable cmTC_8029e.exe



Detecting C compiler ABI info compiled with the following output:
Change Dir: D:/Clabs/lab4_1/build/CMakeFiles/CMakeTmp

Run Build Command(s):C:/PROGRA~2/MIB055~1/2019/PROFES~1/Common7/IDE/COMMON~1/MICROS~1/CMake/Ninja/ninja.exe cmTC_36ab3 && [1/2] Building C object CMakeFiles\cmTC_36ab3.dir\CMakeCCompilerABI.c.obj
Примечание: включение файла:  C:\Program Files\CMake\share\cmake-3.16\Modules\CMakeCompilerABI.h
[2/2] Linking C executable cmTC_36ab3.exe



